*************************************
INFO : sigma_batch_mode AVANT eval : 
sigma_pxp_apri 10
sigma_dZ_apri 1e-06
sigma_BL_apri 0.01
sigma_defo_ASM 1e-05
sigma_defo_BL 0.001
sigma_defo_zmaster 1e-08
INFO : eval_a_dict : the 2 values must be equals  10 10
INFO : eval_a_dict : the 2 values must be equals  1e-12 1e-12
INFO : eval_a_dict : the 2 values must be equals  1e-12 1e-12
INFO : eval_a_dict : the 2 values must be equals  0.5 0.5
INFO : eval_a_dict : the 2 values must be equals  0.001 0.001
INFO : eval_a_dict : the 2 values must be equals  0.001 0.001
INFO : sigma_batch_mode APRES eval : 
sigma_pxp_apri 10
sigma_dZ_apri 1e-12
sigma_BL_apri 1e-12
sigma_defo_ASM 0.5
sigma_defo_BL 0.001
sigma_defo_zmaster 0.001
*************************************
START
===================== DEBUT =====================
+ debut 2018-02-15 12:02:54.428362
+ nom FINALb_VariTempor_basic_1000_R50_nois1-0.0_vit1__date20070424_grand-carree_
+ path /home/psakicki/CODES/acoustyx_toolbox_2_py3/exemple/EXPERIMENTS/REBOOT1802/FINALb_VariTempor_basic_1000_R50_nois1-0.0_vit1__date20070424_grand-carree_
+ plateforme TPX1-GFZ
+ version python 3.6.3 (default, Oct  3 2017, 21:45:48) 
[GCC 7.2.0]
+ version numpy 1.14.0
+ version scipy 1.0.0
+ batch_mode True
+ force_mode True
+ with_BL True
+ with_ssp_bilin False
+ with_monoZ True
+ with_alternat_SSP False
+ with_barycenter True
+ with_decimate_SSP False
+ with_dzcst True
+ with_zmaster False
+ with_time_window False
+ with_V_4_P_reinject False
+ with_jackknife False
+ params variables ['with_monoZ', 'with_barycenter', 'with_dzcst', 'with_zmaster']
+ params var. de l'exp. {'with_ssp_bilin': 0, 'with_decimate_SSP': 0, 'with_zmaster': False, 'with_jackknife': 0, 'with_invert_jk': 0, 'with_FB_mode': 1, 'with_time_window': 0, 'with_V_4_P_reinject': 0, 'with_alternat_SSP': 0, 'with_BL': 1, 'with_monoZ': True, 'with_barycenter': True, 'with_dzcst': True}

------------ iter No 1 ------------
Submarine Acoustic Model determination :  8.935158014297485 s
1000 4 4000 (4000, 8)
Jacobian ASM determination :  115.48936581611633 s
fin du remplissage, debut du redesign + gestion des poids
fin des poids 
conversion en sparse 
fin de la conversion en sparse 
+ f.u.v. 0.09241043820026154
* coords. apriori
[[12517.88628473 12504.36509851  3977.00578293]
 [ 7495.83242153  7499.43733173  3977.00578293]
 [12504.41227487  7496.69129848  3977.00578293]
 [ 7500.50561707 12504.99951333  3977.00578293]]
* dX
[ -4.6486634   -1.36014735   3.00253111 -13.18532248  -3.02367878
   3.00253111   8.77516797   1.98851527   3.00253111   0.20094469
   4.6208747    3.00253111   4.19944419  -3.58180494   3.00253111]
+ som. dX 8.997985421464598
+ som. abs dX 60.59721931887119
* nouvelles coords.
[[12500.05229886 12499.98127237  3983.01084515]
 [ 7499.9589261   7500.06569965  3983.01084515]
 [12499.96455616  7499.95202582  3983.01084515]
 [ 7500.05639786 12500.05756104  3983.01084515]]
* sigmas
[  3.84085958   3.85165836 286.8016223  287.97442447 286.68064396
 287.4702103  286.99529413 286.43052492 286.87431579 286.93473908
   2.4909845           nan   0.00000429]
* kriter/kriterold
[60.59721931887119, 10000000]
* ecart 3D a la postion vraie en distance
[ 3.01135757 26.98926607 23.01092246 46.98922395]
* ecart 2D a la postion vraie en distance
[0.05555083 0.07748231 0.05964719 0.08058531]
* ecart a la postion vraie en coordonnees
[[  0.05229886  -0.01872763   3.01084515]
 [ -0.0410739    0.06569965 -26.98915485]
 [ -0.03544384  -0.04797418  23.01084515]
 [  0.05639786   0.05756104 -46.98915485]]
* BLs Vraies 
[7071.13145119 5000.03999984 5000.24999375 5000.24999375 5000.03999984
 7071.4142857 ]
* BLs Observees
[7071.13145119 5000.03999984 5000.24999375 5000.24999375 5000.03999984
 7071.4142857 ]
* BL des coords a prioris('Mod')
[7090.15704732 5007.69192706 5017.38070777 5008.58060612 5005.56436305
 7079.70571527]
* BLs News à l'issue de l'inversion
[7071.07413839 5000.02924731 4999.99590158 5000.00563136 4999.99186235
 7071.07749602]
* Barycentre 'brut' : Sum Xpxp / Npxp
[10000.00804475 10000.01413972  3983.01084515]
* ecart 3D bary brut/vrai en distance
11.989165888004601
* ecart 2D bary brut/vrai en distance
0.016268055603669493
* ecart au bary brut/vrai en coords.
[  0.00804475   0.01413972 -11.98915485]
* Barycentre estime dans le MC
[10000.01048615 10000.01316316  3980.00831404]
* Barycentre des dXs dans le MC
[-0.00244141  0.00097656  3.00253111]
WARN : som barycentre des dXs dans le MC > 10**-5 !!!!
* ecart 3D bary MC/vrai en distance
14.991695406728212
* ecart 2D bary MC/vrai en distance
0.016829382538674102
* ecart au bary MC/bary vrai en coords.
[  0.01048615   0.01316316 -14.99168596]
===================== FINAL =====================
+ fin 2018-02-15 12:04:58.886383
+ duree 0:02:04.458021
+ nom FINALb_VariTempor_basic_1000_R50_nois1-0.0_vit1__date20070424_grand-carree_
+ path /home/psakicki/CODES/acoustyx_toolbox_2_py3/exemple/EXPERIMENTS/REBOOT1802/FINALb_VariTempor_basic_1000_R50_nois1-0.0_vit1__date20070424_grand-carree_
+ plateforme TPX1-GFZ
+ version python 3.6.3 (default, Oct  3 2017, 21:45:48) 
[GCC 7.2.0]
+ version numpy 1.14.0
+ version scipy 1.0.0
+ batch_mode True
+ force_mode True
+ with_BL True
+ with_ssp_bilin False
+ with_monoZ True
+ with_alternat_SSP False
+ with_barycenter True
+ with_decimate_SSP False
+ with_dzcst True
+ with_zmaster False
+ with_time_window False
+ with_V_4_P_reinject False
+ with_jackknife False
* poids ASM
0.5
* poids BL
0.001
* poids dZ
0.001
* bruit PXP apriori
10
* seed bruit PXP apriori
1
* bruit dZ
1e-12
* seed bruit dZ
17990
* bruit  Z
1
* seed bruit Z
572
* bruit BL
1e-12
* seed bruit BL
17899959
+ params variables ['with_monoZ', 'with_barycenter', 'with_dzcst', 'with_zmaster']
+ params var. de l'exp. {'with_ssp_bilin': 0, 'with_decimate_SSP': 0, 'with_zmaster': False, 'with_jackknife': 0, 'with_invert_jk': 0, 'with_FB_mode': 1, 'with_time_window': 0, 'with_V_4_P_reinject': 0, 'with_alternat_SSP': 0, 'with_BL': 1, 'with_monoZ': True, 'with_barycenter': True, 'with_dzcst': True}
+ Nb pings      1000
+ Nb PXPs       4
+ Taille Jacob. (4006, 11)
+ Taille Resid. (4006,)
+ Nb iter.      2
