INFO : with_munk_ssp ON, you will use a Munk profile
decimating SSP
INFO : with_noising_apriori is OFF, noise on apriori will be set at 0
START
===================== START =====================
+ start 2017-09-20 23:03:03.008820
+ name Detection15mai
+ path /home/adminuser/Documents/CODES/acoustyx_toolbox_2/exemple/EXPERIMENTS/Detection15mai
+ plateform psakicki-MS-16Y1
+ version python 2.7.13 (default, Jan 19 2017, 14:48:08) 
[GCC 6.3.0 20170118]
+ version numpy 1.12.1
+ version scipy 0.18.1
+ batch_mode True
+ force_mode False
+ with_alternat_ssp False
+ with_backward_select False
+ with_barycenter False
+ with_bl False
+ with_cleaning True
+ with_decimate_ssp True
+ with_dzcst False
+ with_fb_mode True
+ with_invert_jk False
+ with_jackknife True
+ with_mono_z False
+ with_munk_ssp True
+ with_noising_apriori False
+ with_old_style False
+ with_print_simu_infos False
+ with_smart_ssp False
+ with_specific_timwin_bool False
+ with_ssp_bilin False
+ with_time_window False
+ with_v_4_p_reinject False
+ with_zmaster False
* weight ASM
1e-06
* weight BL
1e-06
* weight dZ
0.001
* noise PXP apriori
1e-12
* seed noise PXP apriori
10
* noise dZ
1e-12
* seed noise dZ
0
* noise  Z
1e-12
* seed noise Z
0
* noise BL
1e-12
* seed noise BL
0
+ variables params []
+ var. params of the exp. {'with_smart_ssp': 0, 'with_ssp_bilin': 0, 'with_invert_jk': 0, 'with_munk_ssp': 1, 'with_time_window': 0, 'with_mono_z': 0, 'with_zmaster': 0, 'with_barycenter': 0, 'with_cleaning': 1, 'with_bl': 0, 'with_jackknife': 1, 'with_specific_timwin_bool': 0, 'with_noising_apriori': 0, 'with_fb_mode': 1, 'with_backward_select': 0, 'with_v_4_p_reinject': 0, 'with_decimate_ssp': 1, 'with_alternat_ssp': 0, 'with_old_style': 0, 'with_dzcst': 0}
+ jackknife inverted 0
+ jackknife random seed 1452
+ keep_ratio 0.1

------------ Iteration No 1 ------------
Submarine Acoustic Model determination :  30.3453109264 s
746 3 0 (2714, 9)
Jacobian ASM determination :  265.649030209 s
INFO : End of Jacobian filling, start of redesign + weight management
INFO : Weights end
INFO : Sparse matrix conversion
INFO : End of sparse conversion
INFO : Normal matrix inversion done
INFO : Normal equation is about to be solved
INFO : Normal equation is solved
INFO : Creating the new PXP coordinates
INFO : Cleaning pings based on residuals
INFO : Valid pings BEFORE cleaning 881 for PXP 0
INFO : Valid pings AFTER cleaning 873 for PXP 0
INFO : Valid pings BEFORE cleaning 1087 for PXP 1
INFO : Valid pings AFTER cleaning 1085 for PXP 1
INFO : Valid pings BEFORE cleaning 746 for PXP 2
INFO : Valid pings AFTER cleaning 739 for PXP 2

----- Results of the iteration  1

how to read 'dX' & 'sigmas' fields : 
1st row = results for PXP1
2nd row = results for PXP2
etc ...

ERR : exception ... everything is stopped !
cannot reshape array of size 6 into shape (3,3)
