*************************************
INFO : sigma_batch_mode AVANT eval : 
sigma_pxp_apri 10
sigma_dZ_apri 1e-06
sigma_BL_apri 0.01
sigma_defo_ASM 1e-05
sigma_defo_BL 0.001
sigma_defo_zmaster 1e-08
INFO : eval_a_dict : the 2 values must be equals  10 10
INFO : eval_a_dict : the 2 values must be equals  1e-12 1e-12
INFO : eval_a_dict : the 2 values must be equals  1e-12 1e-12
INFO : eval_a_dict : the 2 values must be equals  0.5 0.5
INFO : eval_a_dict : the 2 values must be equals  0.001 0.001
INFO : eval_a_dict : the 2 values must be equals  0.001 0.001
INFO : sigma_batch_mode APRES eval : 
sigma_pxp_apri 10
sigma_dZ_apri 1e-12
sigma_BL_apri 1e-12
sigma_defo_ASM 0.5
sigma_defo_BL 0.001
sigma_defo_zmaster 0.001
*************************************
ERR : with_dzcst and with_zmaster, impossible combination, skipping ...
ERR : exception ... mais on continue !

