*************************************
INFO : sigma_batch_mode AVANT eval : 
sigma_pxp_apri 10
sigma_dZ_apri 1e-06
sigma_BL_apri 0.01
sigma_defo_ASM 1e-05
sigma_defo_BL 0.001
sigma_defo_zmaster 1e-08
INFO : eval_a_dict : the 2 values must be equals  10 10
INFO : eval_a_dict : the 2 values must be equals  1e-12 1e-12
INFO : eval_a_dict : the 2 values must be equals  1e-12 1e-12
INFO : eval_a_dict : the 2 values must be equals  0.5 0.5
INFO : eval_a_dict : the 2 values must be equals  0.001 0.001
INFO : eval_a_dict : the 2 values must be equals  0.001 0.001
INFO : sigma_batch_mode APRES eval : 
sigma_pxp_apri 10
sigma_dZ_apri 1e-12
sigma_BL_apri 1e-12
sigma_defo_ASM 0.5
sigma_defo_BL 0.001
sigma_defo_zmaster 0.001
*************************************
This par must be splited ...
This par must be splited ...
This par must be splited ...
This par must be splited ...
START
===================== DEBUT =====================
+ debut 2018-02-15 12:20:03.671114
+ nom FINALb_VariTempor_basic_1000_R50_nois1-0.0_vit1__date20070424_grand-carree_
+ path /home/psakicki/CODES/acoustyx_toolbox_2_py3/exemple/EXPERIMENTS/REBOOT1802/FINALb_VariTempor_basic_1000_R50_nois1-0.0_vit1__date20070424_grand-carree_
+ plateforme TPX1-GFZ
+ version python 3.6.3 (default, Oct  3 2017, 21:45:48) 
[GCC 7.2.0]
+ version numpy 1.14.0
+ version scipy 1.0.0
+ batch_mode True
+ force_mode True
+ with_BL True
+ with_ssp_bilin False
+ with_monoZ False
+ with_alternat_SSP False
+ with_barycenter True
+ with_decimate_SSP False
+ with_dzcst False
+ with_zmaster True
+ with_time_window False
+ with_V_4_P_reinject False
+ with_jackknife False
+ params variables ['with_monoZ', 'with_barycenter', 'with_dzcst', 'with_zmaster']
+ params var. de l'exp. {'with_ssp_bilin': 0, 'with_decimate_SSP': 0, 'with_zmaster': True, 'with_jackknife': 0, 'with_invert_jk': 0, 'with_FB_mode': 1, 'with_time_window': 0, 'with_V_4_P_reinject': 0, 'with_alternat_SSP': 0, 'with_BL': 1, 'with_monoZ': False, 'with_barycenter': False, 'with_dzcst': False}

------------ iter No 1 ------------
Submarine Acoustic Model determination :  10.55437445640564 s
1000 4 0 (4000, 12)
Jacobian ASM determination :  118.24510025978088 s
fin du remplissage, debut du redesign + gestion des poids
fin des poids 
conversion en sparse 
fin de la conversion en sparse 
+ f.u.v. 0.5354631951652787
* coords. apriori
[[12517.88628473 12504.36509851  3980.96497468]
 [ 7495.83242153  7499.43733173  3988.63803904]
 [12504.41227487  7496.69129848  3984.30771187]
 [ 7500.50561707 12504.99951333  4020.04091069]]
* dX
[ -4.67362157  -1.32667226   1.4933936  -13.35667575  -2.85100631
  -2.47709295   8.85657248   1.82723823  19.84973309   0.46332225
   4.76042175 -25.81972059   4.03287477  -3.73860679   8.44708044]
+ som. dX -4.512759607699424
+ som. abs dX 103.97403283358257
* nouvelles coords.
[[12499.85598742 12500.18741994  3979.98127533]
 [ 7500.01537243  7499.93789769  4009.98116574]
 [12500.20197554  7500.12504797  3959.98138488]
 [ 7499.86487027 12499.93423428  4029.98138474]]
* sigmas
[  9.24780389   9.27398977   5.99523481 693.74774212 696.58464675
   0.00031686 693.45510622 695.36499731   0.00060673 694.21621713
 692.85009039   0.00060674 693.92358123 694.06973983   0.00060674
   0.00001019   0.00001321   0.00001427]
* kriter/kriterold
[103.97403283358257, 10000000]
* ecart 3D a la postion vraie en distance
[0.23710013 0.06669136 0.23828059 0.15143218]
* ecart 2D a la postion vraie en distance
[0.23635959 0.06397662 0.23755234 0.15028365]
* ecart a la postion vraie en coordonnees
[[-0.14401258  0.18741994 -0.01872467]
 [ 0.01537243 -0.06210231 -0.01883426]
 [ 0.20197554  0.12504797 -0.01861512]
 [-0.13512973 -0.06576572 -0.01861526]]
* BLs Vraies 
[7071.13145119 5000.03999984 5000.24999375 5000.24999375 5000.03999984
 7071.4142857 ]
* BLs Observees
[7071.13145119 5000.03999984 5000.24999375 5000.24999375 5000.03999984
 7071.4142857 ]
* BL des coords a prioris('Mod')
[7090.16119926 5007.69304274 5017.5328694  5008.58247808 5005.6628665
 7079.79589228]
* BLs News à l'issue de l'inversion
[7071.19519271 5000.10238284 5000.24111885 5000.43658884 5000.0363396
 7071.51773426]
* Barycentre 'brut' : Sum Xpxp / Npxp
[ 9999.98455141 10000.04614997  3994.98130267]
* ecart 3D bary brut/vrai en distance
0.05213509763926911
* ecart 2D bary brut/vrai en distance
0.04866701512892697
* ecart au bary brut/vrai en coords.
[-0.01544859  0.04614997 -0.01869733]
* Barycentre estime dans le MC
[ 9999.98552798 10000.04663825  3994.98130267]
* Barycentre des dXs dans le MC
[-0.00097656 -0.00048828  0.        ]
WARN : som barycentre des dXs dans le MC > 10**-5 !!!!
* ecart 3D bary MC/vrai en distance
0.05228915575167579
* ecart 2D bary MC/vrai en distance
0.048832015777654385
* ecart au bary MC/bary vrai en coords.
[-0.01447202  0.04663825 -0.01869733]
* ecart à la balise de réference
[  0.          29.99989041 -19.99989045  50.0001094 ]
* ecart en input à la balise de réference
[  0.  30. -20.  50.]
* ecart vrai à la balise de réference
[  0.  30. -20.  50.]
===================== FINAL =====================
+ fin 2018-02-15 12:22:12.502901
+ duree 0:02:08.831787
+ nom FINALb_VariTempor_basic_1000_R50_nois1-0.0_vit1__date20070424_grand-carree_
+ path /home/psakicki/CODES/acoustyx_toolbox_2_py3/exemple/EXPERIMENTS/REBOOT1802/FINALb_VariTempor_basic_1000_R50_nois1-0.0_vit1__date20070424_grand-carree_
+ plateforme TPX1-GFZ
+ version python 3.6.3 (default, Oct  3 2017, 21:45:48) 
[GCC 7.2.0]
+ version numpy 1.14.0
+ version scipy 1.0.0
+ batch_mode True
+ force_mode True
+ with_BL True
+ with_ssp_bilin False
+ with_monoZ False
+ with_alternat_SSP False
+ with_barycenter True
+ with_decimate_SSP False
+ with_dzcst False
+ with_zmaster True
+ with_time_window False
+ with_V_4_P_reinject False
+ with_jackknife False
* poids ASM
0.5
* poids BL
0.001
* poids dZ
0.001
* bruit PXP apriori
10
* seed bruit PXP apriori
1
* bruit dZ
1e-12
* seed bruit dZ
17990
* bruit  Z
1
* seed bruit Z
572
* bruit BL
1e-12
* seed bruit BL
17899959
+ params variables ['with_monoZ', 'with_barycenter', 'with_dzcst', 'with_zmaster']
+ params var. de l'exp. {'with_ssp_bilin': 0, 'with_decimate_SSP': 0, 'with_zmaster': True, 'with_jackknife': 0, 'with_invert_jk': 0, 'with_FB_mode': 1, 'with_time_window': 0, 'with_V_4_P_reinject': 0, 'with_alternat_SSP': 0, 'with_BL': 1, 'with_monoZ': False, 'with_barycenter': False, 'with_dzcst': False}
+ Nb pings      1000
+ Nb PXPs       4
+ Taille Jacob. (4009, 15)
+ Taille Resid. (4009,)
+ Nb iter.      2
