*************************************
INFO : sigma_batch_mode AVANT eval : 
sigma_pxp_apri 10
sigma_dZ_apri 1e-06
sigma_BL_apri 0.01
sigma_defo_ASM 1e-05
sigma_defo_BL 0.001
sigma_defo_zmaster 1e-08
INFO : eval_a_dict : the 2 values must be equals  10 10
INFO : eval_a_dict : the 2 values must be equals  1e-12 1e-12
INFO : eval_a_dict : the 2 values must be equals  1e-12 1e-12
INFO : eval_a_dict : the 2 values must be equals  0.5 0.5
INFO : eval_a_dict : the 2 values must be equals  0.001 0.001
INFO : eval_a_dict : the 2 values must be equals  0.001 0.001
INFO : sigma_batch_mode APRES eval : 
sigma_pxp_apri 10
sigma_dZ_apri 1e-12
sigma_BL_apri 1e-12
sigma_defo_ASM 0.5
sigma_defo_BL 0.001
sigma_defo_zmaster 0.001
*************************************
This par must be splited ...
This par must be splited ...
This par must be splited ...
This par must be splited ...
START
===================== DEBUT =====================
+ debut 2018-02-15 12:11:27.128759
+ nom FINALb_VariTempor_basic_1000_R50_nois1-0.0_vit1__date20070424_grand-carree_
+ path /home/psakicki/CODES/acoustyx_toolbox_2_py3/exemple/EXPERIMENTS/REBOOT1802/FINALb_VariTempor_basic_1000_R50_nois1-0.0_vit1__date20070424_grand-carree_
+ plateforme TPX1-GFZ
+ version python 3.6.3 (default, Oct  3 2017, 21:45:48) 
[GCC 7.2.0]
+ version numpy 1.14.0
+ version scipy 1.0.0
+ batch_mode True
+ force_mode True
+ with_BL True
+ with_ssp_bilin False
+ with_monoZ False
+ with_alternat_SSP False
+ with_barycenter True
+ with_decimate_SSP False
+ with_dzcst True
+ with_zmaster False
+ with_time_window False
+ with_V_4_P_reinject False
+ with_jackknife False
+ params variables ['with_monoZ', 'with_barycenter', 'with_dzcst', 'with_zmaster']
+ params var. de l'exp. {'with_ssp_bilin': 0, 'with_decimate_SSP': 0, 'with_zmaster': False, 'with_jackknife': 0, 'with_invert_jk': 0, 'with_FB_mode': 1, 'with_time_window': 0, 'with_V_4_P_reinject': 0, 'with_alternat_SSP': 0, 'with_BL': 1, 'with_monoZ': False, 'with_barycenter': True, 'with_dzcst': True}

------------ iter No 1 ------------
Submarine Acoustic Model determination :  10.4936203956604 s
1000 4 0 (4000, 12)
Jacobian ASM determination :  119.07755756378174 s
fin du remplissage, debut du redesign + gestion des poids
fin des poids 
conversion en sparse 
fin de la conversion en sparse 
+ f.u.v. 0.12172325569287368
* coords. apriori
[[12517.88628473 12504.36509851  3980.96497468]
 [ 7495.83242153  7499.43733173  3988.63803904]
 [12504.41227487  7496.69129848  3984.30771187]
 [ 7500.50561707 12504.99951333  4020.04091069]]
* dX
[-154.98687744  353.94598389  -12.37791467  -12.16816127   -4.76826155
 -124.05314827    8.31037217    2.16995369  132.37983131   -0.12913391
    3.18983829  340.49642944    3.98668981   -0.59920692 -348.82312012]
+ som. dX 186.57327444851398
+ som. abs dX 1502.3849227577448
* nouvelles coords.
[[12350.73124602 12853.54282084  3844.53391174]
 [ 7349.15591626  7855.5532693   4108.63995569]
 [12349.29626352  7853.82712066  4312.42622665]
 [ 7349.50542944 12858.34629029  3658.8398759 ]]
* sigmas
[426.33204867 408.76707436   3.47764808 332.22297466 333.59195232
 381.8045222  332.08586666 332.99631176 381.37788838 332.45281754
 331.80053464 382.24072114 332.32945675 332.40434823 382.51299418
   0.00000909   0.00000481          nan]
* kriter/kriterold
[1502.3849227577448, 10000000]
* ecart 3D a la postion vraie en distance
[406.97020548 398.625019   521.64115322 537.42024269]
* ecart 2D a la postion vraie en distance
[383.76253997 386.22799602 384.58451282 388.66525383]
* ecart a la postion vraie en coordonnees
[[-149.26875398  353.54282084 -135.46608826]
 [-150.84408374  355.5532693    98.63995569]
 [-150.70373648  353.82712066  352.42622665]
 [-150.49457056  358.34629029 -371.1601241 ]]
* BLs Vraies 
[7071.13145119 5000.03999984 5000.24999375 5000.24999375 5000.03999984
 7071.4142857 ]
* BLs Observees
[7071.13145119 5000.03999984 5000.24999375 5000.24999375 5000.03999984
 7071.4142857 ]
* BL des coords a prioris('Mod')
[7090.16119926 5007.69304274 5017.5328694  5008.58247808 5005.6628665
 7079.79589228]
* BLs News à l'issue de l'inversion
[7075.6912976  5021.56174513 5004.67431675 5004.29168975 5022.97304839
 7104.24490159]
* Barycentre 'brut' : Sum Xpxp / Npxp
[ 9849.67221381 10355.31737527  3981.1099925 ]
* ecart 3D bary brut/vrai en distance
386.0593384202461
* ecart 2D bary brut/vrai en distance
385.8093835989799
* ecart au bary brut/vrai en coords.
[-150.32778619  355.31737527  -13.8900075 ]
* Barycentre estime dans le MC
[ 9849.67227211 10355.3192944   3981.1099944 ]
* Barycentre des dXs dans le MC
[-0.0000583  -0.00191912 -0.00000191]
WARN : som barycentre des dXs dans le MC > 10**-5 !!!!
* ecart 3D bary MC/vrai en distance
386.0610819548129
* ecart 2D bary MC/vrai en distance
385.8111283317961
* ecart au bary MC/bary vrai en coords.
[-150.32772789  355.3192944   -13.8900056 ]
===================== FINAL =====================
+ fin 2018-02-15 12:13:36.726599
+ duree 0:02:09.597840
+ nom FINALb_VariTempor_basic_1000_R50_nois1-0.0_vit1__date20070424_grand-carree_
+ path /home/psakicki/CODES/acoustyx_toolbox_2_py3/exemple/EXPERIMENTS/REBOOT1802/FINALb_VariTempor_basic_1000_R50_nois1-0.0_vit1__date20070424_grand-carree_
+ plateforme TPX1-GFZ
+ version python 3.6.3 (default, Oct  3 2017, 21:45:48) 
[GCC 7.2.0]
+ version numpy 1.14.0
+ version scipy 1.0.0
+ batch_mode True
+ force_mode True
+ with_BL True
+ with_ssp_bilin False
+ with_monoZ False
+ with_alternat_SSP False
+ with_barycenter True
+ with_decimate_SSP False
+ with_dzcst True
+ with_zmaster False
+ with_time_window False
+ with_V_4_P_reinject False
+ with_jackknife False
* poids ASM
0.5
* poids BL
0.001
* poids dZ
0.001
* bruit PXP apriori
10
* seed bruit PXP apriori
1
* bruit dZ
1e-12
* seed bruit dZ
17990
* bruit  Z
1
* seed bruit Z
572
* bruit BL
1e-12
* seed bruit BL
17899959
+ params variables ['with_monoZ', 'with_barycenter', 'with_dzcst', 'with_zmaster']
+ params var. de l'exp. {'with_ssp_bilin': 0, 'with_decimate_SSP': 0, 'with_zmaster': False, 'with_jackknife': 0, 'with_invert_jk': 0, 'with_FB_mode': 1, 'with_time_window': 0, 'with_V_4_P_reinject': 0, 'with_alternat_SSP': 0, 'with_BL': 1, 'with_monoZ': False, 'with_barycenter': True, 'with_dzcst': True}
+ Nb pings      1000
+ Nb PXPs       4
+ Taille Jacob. (4006, 15)
+ Taille Resid. (4006,)
+ Nb iter.      2
