*************************************
INFO : sigma_batch_mode AVANT eval : 
sigma_pxp_apri 10
sigma_dZ_apri 1e-06
sigma_BL_apri 0.01
sigma_defo_ASM 1e-05
sigma_defo_BL 0.001
sigma_defo_zmaster 1e-08
INFO : eval_a_dict : the 2 values must be equals  1 1 , variable sigma_pxp_apri
INFO : eval_a_dict : the 2 values must be equals  0.01 0.01 , variable sigma_dZ_apri
INFO : eval_a_dict : the 2 values must be equals  0.001 0.001 , variable sigma_BL_apri
INFO : eval_a_dict : the 2 values must be equals  1e-05 1e-05 , variable sigma_defo_ASM
INFO : eval_a_dict : the 2 values must be equals  0.0001 0.0001 , variable sigma_defo_BL
INFO : eval_a_dict : the 2 values must be equals  0.001 0.001 , variable sigma_defo_zmaster
INFO : sigma_batch_mode APRES eval : 
sigma_pxp_apri 1
sigma_dZ_apri 0.01
sigma_BL_apri 0.001
sigma_defo_ASM 1e-05
sigma_defo_BL 0.0001
sigma_defo_zmaster 0.001
*************************************
decimating SSP
This par must be splited ...
DEBUG ipxp, PXPapri_mono
1 [7499.58324215 7499.94373317 4007.8638039 ]
This par must be splited ...
DEBUG ipxp, PXPapri_mono
2 [12501.78862847 12500.43650985  3980.09649747]
This par must be splited ...
DEBUG ipxp, PXPapri_mono
3 [ 7500.05056171 12500.49995133  4029.00409107]
This par must be splited ...
DEBUG ipxp, PXPapri_mono
4 [12500.44122749  7499.66912985  3962.43077119]
**************DEBUG with_barycenter ********************+++
PXPbary0      [10000.46591496 10000.13733105  3994.84879091]
PXPbary       [10000.46591496 10000.13733105  3994.84879091]
dPXPapri0_arr [[-2500.8826728  -2500.19359788    13.015013  ]
 [ 2501.32271352  2500.2991788    -14.75229344]
 [-2500.41535325  2500.36262028    34.15530016]
 [ 2499.97531253 -2500.4682012    -32.41801972]]
dPXPapri0_vct [-2500.8826728  -2500.19359788    13.015013    2501.32271352
  2500.2991788    -14.75229344 -2500.41535325  2500.36262028
    34.15530016  2499.97531253 -2500.4682012    -32.41801972]
dPXPapri      [-2500.8826728  -2500.19359788    13.015013    2501.32271352
  2500.2991788    -14.75229344 -2500.41535325  2500.36262028
    34.15530016  2499.97531253 -2500.4682012    -32.41801972]
dPXPapri0     [-2500.8826728  -2500.19359788    13.015013    2501.32271352
  2500.2991788    -14.75229344 -2500.41535325  2500.36262028
    34.15530016  2499.97531253 -2500.4682012    -32.41801972]
dPXPapri_lis  [array([-2500.8826728 , -2500.19359788,    13.015013  ]), array([2501.32271352, 2500.2991788 ,  -14.75229344]), array([-2500.41535325,  2500.36262028,    34.15530016]), array([ 2499.97531253, -2500.4682012 ,   -32.41801972])]
START
===================== DEBUT =====================
+ debut 2018-03-22 22:10:54.734240
+ nom RB_EGU18_KEDALnoiszA_100_R50_nois1-0.0___date20090623_grand-carree_Kdrift1111_
+ path /home/psakicki/CODES/acoustyx_toolbox_2_py3/working/RB_EGU18_KEDALnoiszA_100_R50_nois1-0.0___date20090623_grand-carree_Kdrift1111_
+ plateforme TPX1-GFZ
+ version python 3.6.3 (default, Oct  3 2017, 21:45:48) 
[GCC 7.2.0]
+ version numpy 1.14.2
+ version scipy 1.0.0
+ batch_mode True
+ force_mode True
+ with_BL True
+ with_ssp_bilin False
+ with_monoZ False
+ with_alternat_SSP False
+ with_barycenter True
+ with_decimate_SSP True
+ with_dzcst False
+ with_zmaster False
+ with_time_window False
+ with_V_4_P_reinject False
+ with_jackknife False
+ params variables ['with_barycenter', 'with_BL', 'with_zmaster']
+ params var. de l'exp. {'with_ssp_bilin': 0, 'with_decimate_SSP': 1, 'with_jackknife': 0, 'with_invert_jk': 0, 'with_FB_mode': 1, 'with_time_window': 0, 'with_V_4_P_reinject': 0, 'with_alternat_SSP': 0, 'with_monoZ': 0, 'with_dzcst': 0, 'with_barycenter': True, 'with_BL': True, 'with_zmaster': False}

------------ iter No 1 ------------
Submarine Acoustic Model determination :  1.0325477123260498 s
100 4 0 (400, 12)
Jacobian ASM determination :  11.309364795684814 s

DEBUG BL
**********************************+++
B_BL,ObsBL,ModBL
[-1.89738162 -0.56030854 -0.81371211 -1.72665522 -0.7588279  -0.83165958] [7071.13292793 5000.04061746 5000.25065713 5000.25051838 5000.03993652
 7071.41322606] [7073.03030955 5000.600926   5001.06436925 5001.97717361 5000.79876442
 7072.24488564]
**********************************+++

fin du remplissage, debut du redesign + gestion des poids
fin des poids 
conversion en sparse 
fin de la conversion en sparse 
+ f.u.v. 0.18665276091733093
* coords. apriori
[[ 7499.58324215  7499.94373317  4007.8638039 ]
 [12501.78862847 12500.43650985  3980.09649747]
 [ 7500.05056171 12500.49995133  4029.00409107]
 [12500.44122749  7499.66912985  3962.43077119]]
* dX
[-0.46579495 -0.13788229  0.15083965  0.88144174  0.19259783  1.98395388
 -1.32254824 -0.29822711 -0.24752048  0.41518198 -0.36316278  0.84586255
  0.02592452  0.46879206 -2.58229596]
+ som. dX -0.45283759291965486
+ som. abs dX 10.382026021516548
* nouvelles coords.
[[ 7499.99888894  7499.99844871  4009.99859744]
 [12500.00028529 12500.00040045  3979.99981663]
 [ 7499.99994874 12499.99890626  4030.00079327]
 [12500.00135706  7500.00003962  3959.99931488]]
* sigmas
[0.04813842 0.04352942 0.00035651 0.03262056 0.03263014 0.04243457
 0.03262196 0.03263598 0.04242774 0.03262728 0.03262605 0.04087051
 0.03262831 0.03262008 0.04085325        nan 0.00004373 0.00000259]
* kriter/kriterold
[10.382026021516548, 10000000]
* ecart 3D a la postion vraie en distance
[0.00236815 0.00052476 0.0013521  0.00152071]
* ecart 2D a la postion vraie en distance
[0.00190813 0.00049168 0.00109494 0.00135764]
* ecart a la postion vraie en coordonnees
[[-0.00111106 -0.00155129 -0.00140256]
 [ 0.00028529  0.00040045 -0.00018337]
 [-0.00005126 -0.00109374  0.00079327]
 [ 0.00135706  0.00003962 -0.00068512]]
* BLs Vraies 
[7071.13145119 5000.03999984 5000.24999375 5000.24999375 5000.03999984
 7071.4142857 ]
* BLs Observees
[7071.13292793 5000.04061746 5000.25065713 5000.25051838 5000.03993652
 7071.41322606]
* BL des coords a prioris('Mod')
[7073.03030955 5000.600926   5001.06436925 5001.97717361 5000.79876442
 7072.24488564]
* BLs News à l'issue de l'inversion
[7071.13381345 5000.04046617 5000.25245457 5000.25034005 5000.04036268
 7071.41449475]
* Barycentre 'brut' : Sum Xpxp / Npxp
[10000.00012001  9999.99944876  3994.99963055]
* ecart 3D bary brut/vrai en distance
0.0006743582278262926
* ecart 2D bary brut/vrai en distance
0.0005641529235997855
* ecart au bary brut/vrai en coords.
[ 0.00012001 -0.00055124 -0.00036945]
* Barycentre estime dans le MC
[10000.00012001  9999.99944876  3994.99963055]
* Barycentre des dXs dans le MC
[ 0. -0.  0.]
* ecart 3D bary MC/vrai en distance
0.0006743582332545416
* ecart 2D bary MC/vrai en distance
0.0005641528976282322
* ecart au bary MC/bary vrai en coords.
[ 0.00012001 -0.00055124 -0.00036945]
------------ iter No 2 ------------
Submarine Acoustic Model determination :  1.1511223316192627 s
100 4 0 (400, 12)
Jacobian ASM determination :  11.421591520309448 s

DEBUG BL
**********************************+++
B_BL,ObsBL,ModBL
[-0.00088552  0.00015129 -0.00179743  0.00017833 -0.00042615 -0.00126869] [7071.13292793 5000.04061746 5000.25065713 5000.25051838 5000.03993652
 7071.41322606] [7071.13381345 5000.04046617 5000.25245457 5000.25034005 5000.04036268
 7071.41449475]
**********************************+++

fin du remplissage, debut du redesign + gestion des poids
fin des poids 
conversion en sparse 
fin de la conversion en sparse 
+ f.u.v. 0.007926280407143977
* coords. apriori
[[ 7499.99888894  7499.99844871  4009.99859744]
 [12500.00028529 12500.00040045  3979.99981663]
 [ 7499.99994874 12499.99890626  4030.00079327]
 [12500.00135706  7500.00003962  3959.99931488]]
* dX
[-0.00011791  0.0005512   0.00018236  0.00047307  0.00036058  0.00032375
  0.00051181 -0.00064808 -0.00062967  0.00047712  0.00037179 -0.00067211
 -0.00146199 -0.00008429  0.00097804]
+ som. dX 0.0006156505931071768
+ som. abs dX 0.007843747558690335
* nouvelles coords.
[[ 7499.9992441   7499.99936049  4009.99910354]
 [12500.00067918 12500.00030358  3979.99936932]
 [ 7500.00030794 12499.99982925  4030.00030352]
 [12499.99977716  7500.00050654  3960.00047527]]
* sigmas
[0.02295787 0.02076317 0.00017085 0.0155605  0.01556081 0.02023568
 0.01556049 0.01556081 0.02022969 0.01556269 0.01556177 0.0194876
 0.01556269 0.01556177 0.01948045 0.00000359 0.00000136        nan]
* kriter/kriterold
[0.007843747558690335, 10.382026021516548]
* ecart 3D a la postion vraie en distance
[0.00133567 0.0009753  0.00046487 0.00072947]
* ecart 2D a la postion vraie en distance
[0.00099013 0.00074394 0.00035212 0.00055339]
* ecart a la postion vraie en coordonnees
[[-0.0007559  -0.00063951 -0.00089646]
 [ 0.00067918  0.00030358 -0.00063068]
 [ 0.00030794 -0.00017075  0.00030352]
 [-0.00022284  0.00050654  0.00047527]]
* BLs Vraies 
[7071.13145119 5000.03999984 5000.24999375 5000.24999375 5000.03999984
 7071.4142857 ]
* BLs Observees
[7071.13292793 5000.04061746 5000.25065713 5000.25051838 5000.03993652
 7071.41322606]
* BL des coords a prioris('Mod')
[7073.03030955 5000.600926   5001.06436925 5001.97717361 5000.79876442
 7072.24488564]
* BLs News à l'issue de l'inversion
[7071.13313167 5000.0404734  5000.25051306 5000.25037431 5000.03979246
 7071.4134298 ]
* Barycentre 'brut' : Sum Xpxp / Npxp
[10000.0000021   9999.99999996  3994.99981291]
* ecart 3D bary brut/vrai en distance
0.0001871005697593353
* ecart 2D bary brut/vrai en distance
2.0960864033834514e-06
* ecart au bary brut/vrai en coords.
[ 0.0000021  -0.00000004 -0.00018709]
* Barycentre estime dans le MC
[10000.0000021   9999.99999996  3994.99981291]
* Barycentre des dXs dans le MC
[ 0. -0.  0.]
* ecart 3D bary MC/vrai en distance
0.00018710061862059913
* ecart 2D bary MC/vrai en distance
2.0960642334720535e-06
* ecart au bary MC/bary vrai en coords.
[ 0.0000021  -0.00000004 -0.00018709]
------------ iter No 3 ------------
Submarine Acoustic Model determination :  1.1281695365905762 s
100 4 0 (400, 12)
Jacobian ASM determination :  11.746934175491333 s

DEBUG BL
**********************************+++
B_BL,ObsBL,ModBL
[-0.00020374  0.00014406  0.00014407  0.00014407  0.00014406 -0.00020374] [7071.13292793 5000.04061746 5000.25065713 5000.25051838 5000.03993652
 7071.41322606] [7071.13313167 5000.0404734  5000.25051306 5000.25037431 5000.03979246
 7071.4134298 ]
**********************************+++

fin du remplissage, debut du redesign + gestion des poids
fin des poids 
conversion en sparse 
fin de la conversion en sparse 
+ f.u.v. 0.000336592387256869
* coords. apriori
[[ 7499.9992441   7499.99936049  4009.99910354]
 [12500.00067918 12500.00030358  3979.99936932]
 [ 7500.00030794 12499.99982925  4030.00030352]
 [12499.99977716  7500.00050654  3960.00047527]]
* dX
[ 0.00000021  0.00000027  0.          0.00000012 -0.00000012  0.00000031
 -0.00000012  0.00000012 -0.00000031 -0.00000011 -0.00000011 -0.00000004
  0.00000011  0.00000011  0.00000005]
+ som. dX 4.80849504383539e-07
+ som. abs dX 2.1061016120058957e-06
* nouvelles coords.
[[ 7499.99924442  7499.99936065  4009.99910384]
 [12500.00067927 12500.00030397  3979.99936901]
 [ 7500.00030803 12499.99982941  4030.00030347]
 [12499.99977748  7500.00050693  3960.00047532]]
* sigmas
[0.02295922 0.02076357 0.00017084 0.01556085 0.01556118 0.02023804
 0.01556085 0.01556118 0.02023203 0.01556309 0.01556213 0.01948685
 0.01556309 0.01556213 0.01947969 0.0000001         nan 0.00000001]
* kriter/kriterold
[2.1061016120058957e-06, 0.007843747558690335]
* ecart 3D a la postion vraie en distance
[0.0013352  0.00097568 0.00046485 0.00072967]
* ecart 2D a la postion vraie en distance
[0.00098978 0.00074418 0.00035212 0.00055362]
* ecart a la postion vraie en coordonnees
[[-0.00075558 -0.00063935 -0.00089616]
 [ 0.00067927  0.00030397 -0.00063099]
 [ 0.00030803 -0.00017059  0.00030347]
 [-0.00022252  0.00050693  0.00047532]]
* BLs Vraies 
[7071.13145119 5000.03999984 5000.24999375 5000.24999375 5000.03999984
 7071.4142857 ]
* BLs Observees
[7071.13292793 5000.04061746 5000.25065713 5000.25051838 5000.03993652
 7071.41322606]
* BL des coords a prioris('Mod')
[7073.03030955 5000.600926   5001.06436925 5001.97717361 5000.79876442
 7072.24488564]
* BLs News à l'issue de l'inversion
[7071.13313167 5000.0404734  5000.25051306 5000.25037431 5000.03979246
 7071.4134298 ]
* Barycentre 'brut' : Sum Xpxp / Npxp
[10000.0000023  10000.00000024  3994.99981291]
* ecart 3D bary brut/vrai en distance
0.00018710220231048247
* ecart 2D bary brut/vrai en distance
2.3138308891103395e-06
* ecart au bary brut/vrai en coords.
[ 0.0000023   0.00000024 -0.00018709]
* Barycentre estime dans le MC
[10000.0000023  10000.00000024  3994.99981291]
* Barycentre des dXs dans le MC
[ 0. -0.  0.]
* ecart 3D bary MC/vrai en distance
0.0001871022511763823
* ecart 2D bary MC/vrai en distance
2.313811234706412e-06
* ecart au bary MC/bary vrai en coords.
[ 0.0000023   0.00000024 -0.00018709]
===================== FINAL =====================
+ fin 2018-03-22 22:11:32.672232
+ duree 0:00:37.937992
+ nom RB_EGU18_KEDALnoiszA_100_R50_nois1-0.0___date20090623_grand-carree_Kdrift1111_
+ path /home/psakicki/CODES/acoustyx_toolbox_2_py3/working/RB_EGU18_KEDALnoiszA_100_R50_nois1-0.0___date20090623_grand-carree_Kdrift1111_
+ plateforme TPX1-GFZ
+ version python 3.6.3 (default, Oct  3 2017, 21:45:48) 
[GCC 7.2.0]
+ version numpy 1.14.2
+ version scipy 1.0.0
+ batch_mode True
+ force_mode True
+ with_BL True
+ with_ssp_bilin False
+ with_monoZ False
+ with_alternat_SSP False
+ with_barycenter True
+ with_decimate_SSP True
+ with_dzcst False
+ with_zmaster False
+ with_time_window False
+ with_V_4_P_reinject False
+ with_jackknife False
* poids ASM
1e-05
* poids BL
0.0001
* poids dZ
0.001
* bruit PXP apriori
1
* seed bruit PXP apriori
1
* bruit dZ
0.01
* seed bruit dZ
35780
* bruit  Z
1
* seed bruit Z
462
* bruit BL
0.001
* seed bruit BL
25571070
+ params variables ['with_barycenter', 'with_BL', 'with_zmaster']
+ params var. de l'exp. {'with_ssp_bilin': 0, 'with_decimate_SSP': 1, 'with_jackknife': 0, 'with_invert_jk': 0, 'with_FB_mode': 1, 'with_time_window': 0, 'with_V_4_P_reinject': 0, 'with_alternat_SSP': 0, 'with_monoZ': 0, 'with_dzcst': 0, 'with_barycenter': True, 'with_BL': True, 'with_zmaster': False}
+ Nb pings      100
+ Nb PXPs       4
+ Taille Jacob. (406, 15)
+ Taille Resid. (406,)
+ Nb iter.      4
